
## Компонента "Конфигурация". Конфигурация, роли, привелегии и т.п.
![](http://www.ourorbits.org/kamactsost/img/kamactsost_screenshots/1_cmctsst_scr_for_inet_config_01_config_short_20250429_01.png)
![](http://www.ourorbits.org/kamactsost/img/kamactsost_screenshots/2_cmctsst_scr_for_inet_config_02_config_full_20250429_02.png)
![](http://www.ourorbits.org/kamactsost/img/kamactsost_screenshots/3_cmctsst_scr_for_inet_config_03_databases_20250429_03.png)
![](http://www.ourorbits.org/kamactsost/img/kamactsost_screenshots/4_cmctsst_scr_for_inet_config_04_roles_20250429_04.png)
![](http://www.ourorbits.org/kamactsost/img/kamactsost_screenshots/5_cmctsst_scr_for_inet_config_05_role_members_20250429_05.png)
![](http://www.ourorbits.org/kamactsost/img/kamactsost_screenshots/6_cmctsst_scr_for_inet_config_06_priva_tables_20250429_06.png)
![](http://www.ourorbits.org/kamactsost/img/kamactsost_screenshots/7_cmctsst_scr_for_inet_config_07_privs_columns_20250429_07.png)
![](http://www.ourorbits.org/kamactsost/img/kamactsost_screenshots/8_cmctsst_scr_for_inet_config_08_privs_procs_20250429_08.png)
![](http://www.ourorbits.org/kamactsost/img/kamactsost_screenshots/9_cmctsst_scr_for_inet_config_09_namespaces_20250429_09.png)

## Компонента "Объекты БД. Списки, DDL"
![](http://www.ourorbits.org/kamactsost/img/kamactsost_screenshots/10_cmctsst_scr_for_inet_objects_01_all_20250429_10.png)
![](http://www.ourorbits.org/kamactsost/img/kamactsost_screenshots/11_cmctsst_scr_for_inet_objects_02_tables_01_list_20250429_11.png)
![](http://www.ourorbits.org/kamactsost/img/kamactsost_screenshots/12_cmctsst_scr_for_inet_objects_02_tables_02_one_20250429_12.png)
![](http://www.ourorbits.org/kamactsost/img/kamactsost_screenshots/13_cmctsst_scr_for_inet_objects_03_indexes_01_list_20250429_13.png)
![](http://www.ourorbits.org/kamactsost/img/kamactsost_screenshots/14_cmctsst_scr_for_inet_objects_03_indexes_02_one_20250429_14.png)
![](http://www.ourorbits.org/kamactsost/img/kamactsost_screenshots/15_cmctsst_scr_for_inet_objects_04_views_01_list_20250429_15.png)
![](http://www.ourorbits.org/kamactsost/img/kamactsost_screenshots/16_cmctsst_scr_for_inet_objects_04_views_02_one_20250429_16.png)
![](http://www.ourorbits.org/kamactsost/img/kamactsost_screenshots/17_cmctsst_scr_for_inet_objects_05_procs_01_list_20250429_17.png)
![](http://www.ourorbits.org/kamactsost/img/kamactsost_screenshots/18_cmctsst_scr_for_inet_objects_05_procs_02_one_20250429_18.png)
![](http://www.ourorbits.org/kamactsost/img/kamactsost_screenshots/19_cmctsst_scr_for_inet_objects_06_triggers_01_list_20250429_19.png)
![](http://www.ourorbits.org/kamactsost/img/kamactsost_screenshots/20_cmctsst_scr_for_inet_objects_07_sequences_01_list_20250429_20.png)

## Компонента "TOP Активности". Разрезы по запросам, сессиям,<BR>классам событий, событиям и т.п.
![](http://www.ourorbits.org/kamactsost/img/kamactsost_screenshots/21_cmctsst_scr_for_inet_monitor_01_dashboard_01_graph_20250429_21.png)
![](http://www.ourorbits.org/kamactsost/img/kamactsost_screenshots/22_cmctsst_scr_for_inet_monitor_01_dashboard_02_tables_20250429_22.png)
![](http://www.ourorbits.org/kamactsost/img/kamactsost_screenshots/23_cmctsst_scr_for_inet_monitor_02_SA_01_main_20250429_23.png)
![](http://www.ourorbits.org/kamactsost/img/kamactsost_screenshots/24_cmctsst_scr_for_inet_monitor_02_SA_02_query_full_20250429_24.png)
![](http://www.ourorbits.org/kamactsost/img/kamactsost_screenshots/25_cmctsst_scr_for_inet_monitor_02_SA_02_session_full_20250429_25.png)
![](http://www.ourorbits.org/kamactsost/img/kamactsost_screenshots/26_cmctsst_scr_for_inet_monitor_02_SA_04_query_SA_WS_20250429_26.png)
![](http://www.ourorbits.org/kamactsost/img/kamactsost_screenshots/27_cmctsst_scr_for_inet_monitor_02_SA_05_session_SA_WS_20250429_27.png)
![](http://www.ourorbits.org/kamactsost/img/kamactsost_screenshots/28_cmctsst_scr_for_inet_monitor_02_SA_06_events_SA_WS_20250429_28.png)
![](http://www.ourorbits.org/kamactsost/img/kamactsost_screenshots/29_cmctsst_scr_for_inet_monitor_02_SA_query_01_main_20250429_29.png)
![](http://www.ourorbits.org/kamactsost/img/kamactsost_screenshots/30_cmctsst_scr_for_inet_monitor_02_SA_query_02_text_20250429_30.png)
![](http://www.ourorbits.org/kamactsost/img/kamactsost_screenshots/31_cmctsst_scr_for_inet_monitor_02_SA_query_03_stats_20250429_31.png)
![](http://www.ourorbits.org/kamactsost/img/kamactsost_screenshots/32_cmctsst_scr_for_inet_monitor_02_SA_query_04_plans_20250429_32.png)
![](http://www.ourorbits.org/kamactsost/img/kamactsost_screenshots/33_cmctsst_scr_for_inet_monitor_02_SA_query_05_events_20250429_33.png)
![](http://www.ourorbits.org/kamactsost/img/kamactsost_screenshots/34_cmctsst_scr_for_inet_monitor_02_SA_session_01_main_20250429_34.png)
![](http://www.ourorbits.org/kamactsost/img/kamactsost_screenshots/35_cmctsst_scr_for_inet_monitor_02_SA_session_02_events_20250429_35.png)
![](http://www.ourorbits.org/kamactsost/img/kamactsost_screenshots/36_cmctsst_scr_for_inet_monitor_03_WS_01_main_20250429_36.png)
![](http://www.ourorbits.org/kamactsost/img/kamactsost_screenshots/37_cmctsst_scr_for_inet_monitor_03_WS_02_query_full_20250429_37.png)
![](http://www.ourorbits.org/kamactsost/img/kamactsost_screenshots/38_cmctsst_scr_for_inet_monitor_03_WS_03_session_full_20250429_38.png)
![](http://www.ourorbits.org/kamactsost/img/kamactsost_screenshots/39_cmctsst_scr_for_inet_monitor_03_WS_04_query_SA_WS_20250429_39.png)
![](http://www.ourorbits.org/kamactsost/img/kamactsost_screenshots/40_cmctsst_scr_for_inet_monitor_03_WS_05_session_SA_WS_20250429_40.png)
![](http://www.ourorbits.org/kamactsost/img/kamactsost_screenshots/41_cmctsst_scr_for_inet_monitor_03_WS_06_events_SA_WS_20250429_41.png)
![](http://www.ourorbits.org/kamactsost/img/kamactsost_screenshots/42_cmctsst_scr_for_inet_monitor_04_locks_20250429_42.png)
![](http://www.ourorbits.org/kamactsost/img/kamactsost_screenshots/43_cmctsst_scr_for_inet_monitor_05_curr_sessions_20250429_43.png)

## Компонента "История снапшотов". Статистики подсистем
![](http://www.ourorbits.org/kamactsost/img/kamactsost_screenshots/44_cmctsst_scr_for_inet_subsys_stats_01_database_20250429_100.png)
![](http://www.ourorbits.org/kamactsost/img/kamactsost_screenshots/45_cmctsst_scr_for_inet_subsys_stats_01_database_02_graphs_20250429_101.png)
![](http://www.ourorbits.org/kamactsost/img/kamactsost_screenshots/46_cmctsst_scr_for_inet_subsys_stats_02_shmem_20250429_102.png)
![](http://www.ourorbits.org/kamactsost/img/kamactsost_screenshots/47_cmctsst_scr_for_inet_subsys_stats_03_slru_20250429_103.png)
![](http://www.ourorbits.org/kamactsost/img/kamactsost_screenshots/48_cmctsst_scr_for_inet_subsys_stats_04_archiver_20250429_104.png)
![](http://www.ourorbits.org/kamactsost/img/kamactsost_screenshots/49_cmctsst_scr_for_inet_subsys_stats_05_bgwriter_01_tables_20250429_105.png)
![](http://www.ourorbits.org/kamactsost/img/kamactsost_screenshots/50_cmctsst_scr_for_inet_subsys_stats_05_bgwriter_02_graph_20250429_10.png)
![](http://www.ourorbits.org/kamactsost/img/kamactsost_screenshots/51_cmctsst_scr_for_inet_subsys_stats_06_wal_01_tables_20250429_107.png)
![](http://www.ourorbits.org/kamactsost/img/kamactsost_screenshots/52_cmctsst_scr_for_inet_subsys_stats_06_wal_02_graph_20250429_108.png)
![](http://www.ourorbits.org/kamactsost/img/kamactsost_screenshots/53_cmctsst_scr_for_inet_subsys_stats_07_wal_receiver_20250429_109.png)
![](http://www.ourorbits.org/kamactsost/img/kamactsost_screenshots/54_cmctsst_scr_for_inet_subsys_stats_08_replication_20250429_110.png)
![](http://www.ourorbits.org/kamactsost/img/kamactsost_screenshots/55_cmctsst_scr_for_inet_subsys_stats_09_replication_slots_20250429_111.png)
![](http://www.ourorbits.org/kamactsost/img/kamactsost_screenshots/56_cmctsst_scr_for_inet_subsys_stats_10_subscription_20250429_112.png)
![](http://www.ourorbits.org/kamactsost/img/kamactsost_screenshots/57_cmctsst_scr_for_inet_subsys_stats_11_subscription_stat_20250429_113.png)

## Компонента "История снапшотов". Статистики объектов
![](http://www.ourorbits.org/kamactsost/img/kamactsost_screenshots/58_cmctsst_scr_for_inet_object_stats_01_tables_01_all_tables_20250429_114.png)
![](http://www.ourorbits.org/kamactsost/img/kamactsost_screenshots/59_cmctsst_scr_for_inet_object_stats_01_tables_02_all_graph_20250429_115.png)
![](http://www.ourorbits.org/kamactsost/img/kamactsost_screenshots/60_cmctsst_scr_for_inet_object_stats_01_tables_03_one_tables_20250429_116.png)
![](http://www.ourorbits.org/kamactsost/img/kamactsost_screenshots/61_cmctsst_scr_for_inet_object_stats_01_tables_04_one_graphs_20250429_117.png)
![](http://www.ourorbits.org/kamactsost/img/kamactsost_screenshots/62_cmctsst_scr_for_inet_object_stats_01_tables_05_snap_one_tables_20250429_118.png)
![](http://www.ourorbits.org/kamactsost/img/kamactsost_screenshots/63_cmctsst_scr_for_inet_object_stats_01_tables_06_snap_all_tables_20250429_119.png)
![](http://www.ourorbits.org/kamactsost/img/kamactsost_screenshots/64_cmctsst_scr_for_inet_object_stats_02_tablesio_01_all_tables_20250429_120.png)
![](http://www.ourorbits.org/kamactsost/img/kamactsost_screenshots/65_cmctsst_scr_for_inet_object_stats_02_tablesio_02_all_graphs_20250429_121.png)
![](http://www.ourorbits.org/kamactsost/img/kamactsost_screenshots/66_cmctsst_scr_for_inet_object_stats_02_tablesio_03_one_tables_20250429_122.png)
![](http://www.ourorbits.org/kamactsost/img/kamactsost_screenshots/67_cmctsst_scr_for_inet_object_stats_02_tablesio_04_one_graph_20250429_123.png)
![](http://www.ourorbits.org/kamactsost/img/kamactsost_screenshots/68_cmctsst_scr_for_inet_object_stats_02_tablesio_05_snap_one_tables_20250429_124.png)
![](http://www.ourorbits.org/kamactsost/img/kamactsost_screenshots/69_cmctsst_scr_for_inet_object_stats_02_tablesio_06_snap_all_tables_20250429_125.png)
![](http://www.ourorbits.org/kamactsost/img/kamactsost_screenshots/70_cmctsst_scr_for_inet_object_stats_03_indexes_01_all_tables_20250429_126.png)
![](http://www.ourorbits.org/kamactsost/img/kamactsost_screenshots/71_cmctsst_scr_for_inet_object_stats_03_indexes_02_all_graphs_20250429_127.png)
![](http://www.ourorbits.org/kamactsost/img/kamactsost_screenshots/72_cmctsst_scr_for_inet_object_stats_03_indexes_03_one_tables_20250429_128.png)
![](http://www.ourorbits.org/kamactsost/img/kamactsost_screenshots/73_cmctsst_scr_for_inet_object_stats_03_indexes_04_one_graphs_20250429_129.png)
![](http://www.ourorbits.org/kamactsost/img/kamactsost_screenshots/74_cmctsst_scr_for_inet_object_stats_03_indexes_05_snap_all_tables_20250429_130.png)
![](http://www.ourorbits.org/kamactsost/img/kamactsost_screenshots/75_cmctsst_scr_for_inet_object_stats_03_indexes_06_snap_one_tables_20250429_131.png)
![](http://www.ourorbits.org/kamactsost/img/kamactsost_screenshots/76_cmctsst_scr_for_inet_object_stats_04_indexio_01_all_tables_20250429_132.png)
![](http://www.ourorbits.org/kamactsost/img/kamactsost_screenshots/77_cmctsst_scr_for_inet_object_stats_04_indexio_02_all_graphs_20250429_133.png)
![](http://www.ourorbits.org/kamactsost/img/kamactsost_screenshots/78_cmctsst_scr_for_inet_object_stats_04_indexio_03_one_tables_20250429_134.png)
![](http://www.ourorbits.org/kamactsost/img/kamactsost_screenshots/79_cmctsst_scr_for_inet_object_stats_04_indexio_04_one_graps_20250429_135.png)
![](http://www.ourorbits.org/kamactsost/img/kamactsost_screenshots/80_cmctsst_scr_for_inet_object_stats_04_indexio_05_snap_all_tables_20250429_136.png)
![](http://www.ourorbits.org/kamactsost/img/kamactsost_screenshots/81_cmctsst_scr_for_inet_object_stats_04_indexio_06_snap_one_tables_20250429_137.png)
![](http://www.ourorbits.org/kamactsost/img/kamactsost_screenshots/82_cmctsst_scr_for_inet_object_stats_05_user_functions_tables_20250429_138.png)
![](http://www.ourorbits.org/kamactsost/img/kamactsost_screenshots/83_cmctsst_scr_for_inet_object_stats_06_xact_tables_tables_20250429_139.png)

## Компонента "Прогресс операций"
![](http://www.ourorbits.org/kamactsost/img/kamactsost_screenshots/84_cmctsst_scr_for_inet_progress_operation_01_base_backup_20250429_140.png)
![](http://www.ourorbits.org/kamactsost/img/kamactsost_screenshots/85_cmctsst_scr_for_inet_progress_operation_02_vacuum_20250429_141.png)
![](http://www.ourorbits.org/kamactsost/img/kamactsost_screenshots/86_cmctsst_scr_for_inet_progress_operation_03_vacuum_20250429_142.png)
![](http://www.ourorbits.org/kamactsost/img/kamactsost_screenshots/87_cmctsst_scr_for_inet_progress_operation_04_vacuum_20250429_143.png)
![](http://www.ourorbits.org/kamactsost/img/kamactsost_screenshots/88_cmctsst_scr_for_inet_progress_operation_05_vacuum_20250429_144.png)
![](http://www.ourorbits.org/kamactsost/img/kamactsost_screenshots/89_cmctsst_scr_for_inet_progress_operation_06_vacuum_20250429_145.png)

## Компонента "Аналитика и отчёты"
В настоящее время не публична
